1.111010000000000000e+05
1.101020000000000000e+05
1.171070000000000000e+05
1.161080000000000000e+05
1.111050000000000000e+05
1.141020000000000000e+05
1.171050000000000000e+05
1.141080000000000000e+05
1.101040000000000000e+05
1.131010000000000000e+05
1.131070000000000000e+05
1.161040000000000000e+05
1.101000000000000000e+05
1.091010000000000000e+05
1.161060000000000000e+05
1.151070000000000000e+05
1.091030000000000000e+05
1.121000000000000000e+05
1.121060000000000000e+05
1.151030000000000000e+05
1.201100000000000000e+05
1.191110000000000000e+05
1.261160000000000000e+05
1.251170000000000000e+05
1.201140000000000000e+05
1.231110000000000000e+05
1.261140000000000000e+05
1.231170000000000000e+05
1.191130000000000000e+05
1.221100000000000000e+05
1.221160000000000000e+05
1.251130000000000000e+05
1.191090000000000000e+05
1.181100000000000000e+05
1.251150000000000000e+05
1.241160000000000000e+05
1.181120000000000000e+05
1.211090000000000000e+05
1.211150000000000000e+05
1.241120000000000000e+05
1.291190000000000000e+05
1.281200000000000000e+05
1.351250000000000000e+05
1.341260000000000000e+05
1.291230000000000000e+05
1.321200000000000000e+05
1.351230000000000000e+05
1.321260000000000000e+05
1.281220000000000000e+05
1.311190000000000000e+05
1.311250000000000000e+05
1.341220000000000000e+05
1.281180000000000000e+05
1.271190000000000000e+05
1.341240000000000000e+05
1.331250000000000000e+05
1.271210000000000000e+05
1.301180000000000000e+05
1.301240000000000000e+05
1.331210000000000000e+05
